1639910914544	geckodriver	INFO	Listening on 127.0.0.1:47993
1639910914555	mozrunner::runner	INFO	Running command: "/usr/bin/firefox" "--marionette" "-no-remote" "-profile" "/tmp/rust_mozprofile8VGMpp"
1639910916333	Marionette	INFO	Marionette enabled
console.warn: SearchSettings: "get: No settings file exists, new profile?" (new NotFoundError("Could not open the file at /tmp/rust_mozprofile8VGMpp/search.json.mozlz4", (void 0)))
1639910919625	Marionette	INFO	Listening on port 32949
1639910919717	RemoteAgent	WARN	TLS certificate errors will be ignored for this session
1639910930810	Marionette	INFO	Stopped listening on port 32949
1639911111656	geckodriver	INFO	Listening on 127.0.0.1:59877
1639911111668	mozrunner::runner	INFO	Running command: "/usr/bin/firefox" "--marionette" "-no-remote" "-profile" "/tmp/rust_mozprofileCjQyIP"
1639911113598	Marionette	INFO	Marionette enabled
console.warn: SearchSettings: "get: No settings file exists, new profile?" (new NotFoundError("Could not open the file at /tmp/rust_mozprofileCjQyIP/search.json.mozlz4", (void 0)))
1639911117550	Marionette	INFO	Listening on port 43589
1639911117639	RemoteAgent	WARN	TLS certificate errors will be ignored for this session
1639911128742	Marionette	INFO	Stopped listening on port 43589
1639911308135	geckodriver	INFO	Listening on 127.0.0.1:54967
1639911308151	mozrunner::runner	INFO	Running command: "/usr/bin/firefox" "--marionette" "-no-remote" "-profile" "/tmp/rust_mozprofilewkwKcK"
1639911309819	Marionette	INFO	Marionette enabled
console.warn: SearchSettings: "get: No settings file exists, new profile?" (new NotFoundError("Could not open the file at /tmp/rust_mozprofilewkwKcK/search.json.mozlz4", (void 0)))
1639911314043	Marionette	INFO	Listening on port 43237
1639911314144	RemoteAgent	WARN	TLS certificate errors will be ignored for this session
1639911325214	Marionette	INFO	Stopped listening on port 43237
