2022-01-03 at 14:00:53|SUCCESS|Получены посты на публикацию
2022-01-03 at 14:03:57|INFO|Получены данные из БД[('Быть обезглавленным во время фотосъемки - популярным способом позировать в 1920-х годах было «всадник».', 'https://i.redd.it/jr07b6li5o081.jpg', 51841, 176)]
2022-01-03 at 14:03:58|DEBUG|Файл на загрузку176jr07b6li5o081.jpg
2022-01-03 at 14:04:18|SUCCESS|Получены посты на публикацию
2022-01-03 at 14:09:33|DEBUG|Запуск бота под админом
2022-01-03 at 14:09:42|SUCCESS|Получены кол-во постов на публикацию
2022-01-03 at 14:09:46|DEBUG|Получены данные из БД:[('Быть обезглавленным во время фотосъемки - популярным способом позировать в 1920-х годах было «всадник».', 'https://i.redd.it/jr07b6li5o081.jpg', 51841, 176)]
2022-01-03 at 14:09:46|DEBUG|Файл на загрузку176jr07b6li5o081.jpg
2022-01-03 at 14:13:35|DEBUG|Получены данные из БД:[('Я не метеоролог, но похоже, что это кучево-дождевое облако, увенчанное линзовидным облаком.', 'https://v.redd.it/6mjvdmgjk2y71/DASH_720.mp4', 45877, 143)]
2022-01-03 at 14:13:41|DEBUG|Файл на загрузку: 143DASH_720.mp4
2022-01-03 at 14:14:23|DEBUG|id Сообщения на публикацию: 727
2022-01-03 at 14:14:23|SUCCESS|Сработала кнопка "Опубликовать"
2022-01-03 at 14:14:35|SUCCESS|Получены кол-во постов на публикацию
2022-01-03 at 14:14:52|DEBUG|Получены данные из БД:[('Группа гусениц, движущихся в формации, известной как катящийся рой. Этот катящийся рой гусениц движется быстрее, чем любая отдельная гусеница.', 'https://i.redd.it/517f8rmi8m081.gif', 21639, 184)]
2022-01-03 at 14:15:01|DEBUG|Файл на загрузку: 184517f8rmi8m081.gif
2022-01-03 at 14:15:39|DEBUG|Пост помечен на удаление732
2022-01-03 at 14:15:39|SUCCESS|Сработала кнопка "Удалить"
2022-01-03 at 14:26:26|DEBUG|Получены данные из БД:[('В июле 1997 года Wired опубликовала статью, в которой предсказывала 25-летнюю глобальную экономическую экспансию, которая принесет рост благосостояния, улучшение окружающей среды и беспрецедентные возможности для достижения социальной справедливости. Они также опубликовали список сценариев, которые могут остановить этот прогресс.', 'https://i.redd.it/lp7g7lt4cu081.jpg', 21279, 199)]
2022-01-03 at 14:26:26|DEBUG|Файл на загрузку: 199lp7g7lt4cu081.jpg
2022-01-03 at 14:26:26|DEBUG|Отправка изображения: 199lp7g7lt4cu081.jpg
2022-01-03 at 14:26:27|SUCCESS|В БД отправлен id сообщения: 735
2022-01-03 at 14:26:52|DEBUG|Пост помечен на удаление: 735
2022-01-03 at 14:26:52|SUCCESS|Сработала кнопка "Удалить"
2022-01-03 at 14:27:02|SUCCESS|Получены кол-во постов на публикацию
2022-01-03 at 14:27:05|DEBUG|Получены данные из БД:[('Заброшенный дом в Карелии, Россия.', 'https://i.redd.it/6rst2y3cxt081.jpg', 19574, 201)]
2022-01-03 at 14:27:05|DEBUG|Файл на загрузку: 2016rst2y3cxt081.jpg
2022-01-03 at 14:27:05|DEBUG|Отправка изображения: 2016rst2y3cxt081.jpg
2022-01-03 at 14:27:07|SUCCESS|В БД отправлен id сообщения: 740
2022-01-03 at 14:27:21|DEBUG|id Сообщения на публикацию: 740
2022-01-03 at 14:27:21|SUCCESS|Сработала кнопка "Опубликовать"
